[debug] [2019-10-07T13:06:24.400Z] ----------------------------------------------------------------------
[debug] [2019-10-07T13:06:24.402Z] Command:       C:\Program Files\nodejs\node.exe C:\Users\nick-\AppData\Roaming\npm\node_modules\firebase-tools\lib\bin\firebase.js deploy
[debug] [2019-10-07T13:06:24.403Z] CLI Version:   7.4.0
[debug] [2019-10-07T13:06:24.403Z] Platform:      win32
[debug] [2019-10-07T13:06:24.403Z] Node Version:  v10.15.1
[debug] [2019-10-07T13:06:24.404Z] Time:          Mon Oct 07 2019 23:06:24 GMT+1000 (Australian Eastern Standard Time)
[debug] [2019-10-07T13:06:24.404Z] ----------------------------------------------------------------------
[debug] 
[debug] [2019-10-07T13:06:24.416Z] > command requires scopes: ["email","openid","https://www.googleapis.com/auth/cloudplatformprojects.readonly","https://www.googleapis.com/auth/firebase","https://www.googleapis.com/auth/cloud-platform"]
[debug] [2019-10-07T13:06:24.416Z] > authorizing via signed-in user
[debug] [2019-10-07T13:06:24.416Z] [iam] checking project sp-finance for permissions ["cloudfunctions.functions.create","cloudfunctions.functions.delete","cloudfunctions.functions.get","cloudfunctions.functions.list","cloudfunctions.functions.update","cloudfunctions.operations.get","datastore.indexes.create","datastore.indexes.delete","datastore.indexes.list","datastore.indexes.update","firebase.projects.get","firebasedatabase.instances.update","firebasehosting.sites.update","firebaserules.releases.create","firebaserules.releases.update","firebaserules.rulesets.create"]
[debug] [2019-10-07T13:06:24.417Z] > refreshing access token with scopes: ["email","https://www.googleapis.com/auth/cloud-platform","https://www.googleapis.com/auth/cloudplatformprojects.readonly","https://www.googleapis.com/auth/firebase","openid"]
[debug] [2019-10-07T13:06:24.418Z] >>> HTTP REQUEST POST https://www.googleapis.com/oauth2/v3/token  
 <request body omitted>
[debug] [2019-10-07T13:06:26.374Z] <<< HTTP RESPONSE 200
[debug] [2019-10-07T13:06:26.382Z] >>> HTTP REQUEST POST https://cloudresourcemanager.googleapis.com/v1/projects/sp-finance:testIamPermissions  

[debug] [2019-10-07T13:06:29.345Z] <<< HTTP RESPONSE 200
[debug] [2019-10-07T13:06:29.346Z] >>> HTTP REQUEST GET https://firebase.googleapis.com/v1beta1/projects/sp-finance  
 
[debug] [2019-10-07T13:06:31.296Z] <<< HTTP RESPONSE 200
[info] 
[info] === Deploying to 'sp-finance'...
[info] 
[info] i  deploying database, storage, firestore, functions, hosting
[info] i  database: checking rules syntax...
[debug] [2019-10-07T13:06:33.577Z] >>> HTTP REQUEST PUT https://sp-finance.firebaseio.com/.settings/rules.json?dryRun=true  
 {
  /* Visit https://firebase.google.com/docs/database/security to learn more about security rules. */
  "rules": {
    ".read": false,
    ".write": false
  }
}
[debug] [2019-10-07T13:06:34.687Z] <<< HTTP RESPONSE 200
[info] +  database: rules syntax for database sp-finance is valid
[debug] [2019-10-07T13:06:34.689Z] >>> HTTP REQUEST GET https://appengine.googleapis.com/v1/apps/sp-finance  
 
[debug] [2019-10-07T13:06:38.080Z] <<< HTTP RESPONSE 200
[info] i  storage: checking storage.rules for compilation errors...
[debug] [2019-10-07T13:06:38.083Z] >>> HTTP REQUEST POST https://firebaserules.googleapis.com/v1/projects/sp-finance:test  

[debug] [2019-10-07T13:06:40.296Z] <<< HTTP RESPONSE 200
[info] +  storage: rules file storage.rules compiled successfully
[info] i  firestore: checking firestore.rules for compilation errors...
[info] i  firestore: reading indexes from firestore.indexes.json...
[debug] [2019-10-07T13:06:40.304Z] >>> HTTP REQUEST POST https://firebaserules.googleapis.com/v1/projects/sp-finance:test  

[debug] [2019-10-07T13:06:41.839Z] <<< HTTP RESPONSE 200
[info] +  firestore: rules file firestore.rules compiled successfully
[debug] [2019-10-07T13:06:41.845Z] > [functions] package.json contents: {
  "name": "functions",
  "description": "Cloud Functions for Firebase",
  "scripts": {
    "serve": "firebase serve --only functions",
    "shell": "firebase functions:shell",
    "start": "npm run shell",
    "deploy": "firebase deploy --only functions",
    "logs": "firebase functions:log"
  },
  "engines": {
    "node": "8"
  },
  "dependencies": {
    "@google-cloud/vision": "^1.4.0",
    "child-process-promise": "^2.2.1",
    "firebase-admin": "^8.0.0",
    "firebase-functions": "^3.1.0",
    "gm": "^1.23.1",
    "nodemailer": "^6.3.0"
  },
  "devDependencies": {
    "firebase-functions-test": "^0.1.6"
  },
  "private": true
}
[info] i  functions: ensuring necessary APIs are enabled...
[debug] [2019-10-07T13:06:41.847Z] >>> HTTP REQUEST GET https://serviceusage.googleapis.com/v1/projects/sp-finance/services/cloudfunctions.googleapis.com  
 
[debug] [2019-10-07T13:06:41.849Z] >>> HTTP REQUEST GET https://serviceusage.googleapis.com/v1/projects/sp-finance/services/runtimeconfig.googleapis.com  
 
[debug] [2019-10-07T13:06:44.534Z] <<< HTTP RESPONSE 200
[debug] [2019-10-07T13:06:44.912Z] <<< HTTP RESPONSE 200
[info] +  functions: all necessary APIs are enabled
[debug] [2019-10-07T13:06:44.914Z] >>> HTTP REQUEST GET https://firebase.googleapis.com/v1beta1/projects/sp-finance/adminSdkConfig  
 
[debug] [2019-10-07T13:06:45.391Z] <<< HTTP RESPONSE 200
[debug] [2019-10-07T13:06:45.392Z] >>> HTTP REQUEST POST https://firebasehosting.googleapis.com/v1beta1/sites/sp-finance/versions  

[debug] [2019-10-07T13:06:48.590Z] <<< HTTP RESPONSE 200
[info] i  storage: uploading rules storage.rules...
[debug] [2019-10-07T13:06:48.592Z] >>> HTTP REQUEST POST https://firebaserules.googleapis.com/v1/projects/sp-finance/rulesets  

[debug] [2019-10-07T13:06:49.132Z] <<< HTTP RESPONSE 200
[debug] [2019-10-07T13:06:49.133Z] [rules] created ruleset projects/sp-finance/rulesets/131c8981-59c2-488e-b5ad-b3a6e2ab994e
[info] i  firestore: uploading rules firestore.rules...
[debug] [2019-10-07T13:06:49.136Z] >>> HTTP REQUEST POST https://firebaserules.googleapis.com/v1/projects/sp-finance/rulesets  

[debug] [2019-10-07T13:06:49.136Z] >>> HTTP REQUEST GET https://firestore.googleapis.com/v1beta2/projects/sp-finance/databases/(default)/collectionGroups/-/indexes  
 
[debug] [2019-10-07T13:06:50.786Z] <<< HTTP RESPONSE 200
[debug] [2019-10-07T13:06:50.786Z] [rules] created ruleset projects/sp-finance/rulesets/3e168fe8-212d-4074-90d8-e07dd8b6e605
[debug] [2019-10-07T13:06:51.597Z] <<< HTTP RESPONSE 200
[debug] [2019-10-07T13:06:51.597Z] >>> HTTP REQUEST GET https://firestore.googleapis.com/v1beta2/projects/sp-finance/databases/(default)/collectionGroups/-/fields?filter=indexConfig.usesAncestorConfig=false  
 
[debug] [2019-10-07T13:06:52.795Z] <<< HTTP RESPONSE 200
[debug] [2019-10-07T13:06:52.796Z] Skipping existing field override: {"collectionGroup":"contributors","fieldPath":"uid","indexes":[{"order":"ASCENDING","queryScope":"COLLECTION"},{"order":"DESCENDING","queryScope":"COLLECTION"},{"arrayConfig":"CONTAINS","queryScope":"COLLECTION"},{"order":"ASCENDING","queryScope":"COLLECTION_GROUP"}]}
[debug] [2019-10-07T13:06:52.796Z] Skipping existing field override: {"collectionGroup":"invites","fieldPath":"email","indexes":[{"order":"ASCENDING","queryScope":"COLLECTION"},{"order":"DESCENDING","queryScope":"COLLECTION"},{"arrayConfig":"CONTAINS","queryScope":"COLLECTION"},{"order":"ASCENDING","queryScope":"COLLECTION_GROUP"}]}
[info] +  firestore: deployed indexes in firestore.indexes.json successfully
[info] i  functions: preparing functions directory for uploading...
[debug] [2019-10-07T13:06:52.800Z] >>> HTTP REQUEST GET https://runtimeconfig.googleapis.com/v1beta1/projects/sp-finance/configs  
 
[debug] [2019-10-07T13:06:56.225Z] <<< HTTP RESPONSE 200
[info] i  functions: packaged functions (41.56 KB) for uploading
[debug] [2019-10-07T13:06:57.476Z] >>> HTTP REQUEST POST https://cloudfunctions.googleapis.com/v1/projects/sp-finance/locations/us-central1/functions:generateUploadUrl  
 
[debug] [2019-10-07T13:07:00.986Z] <<< HTTP RESPONSE 200
[debug] [2019-10-07T13:07:00.987Z] >>> HTTP REQUEST PUT https://storage.googleapis.com/gcf-upload-us-central1-eb6f755d-c950-46bf-b459-d272b0b5372d/1453f148-6ae3-45aa-b6f0-d32d681abdae.zip?GoogleAccessId=service-346430274308@gcf-admin-robot.iam.gserviceaccount.com&Expires=1570455421&Signature=dKU4J3i2eVBLre63svt8O0nmBIv4MaUvuGQLfvuUEfjQFbdtJ2eV8qrAO7GVaQRIVDBIthT1Ov%2B3%2B5lEt2pfX22BJ2hafVqVhhKNq1SG7E8fMiiwkbFzCt43QEjaBBFEoTGpgZ8p7fNQ89wprQIbN65Zfo6Og92Azli6jD5Ag8ZL2gSFv5P13srwU8bVnn1XMfTq6ZoznmlQHvrYEUlTz%2BjkrKbdgssYNHrtzEiT6x3aG6R9XcOE1mGRf47Qp9g2F9mKwJnVNz%2BiWHo%2FDY%2Bn7ulYJjqvjihKhS%2Bq53e3JZIyniydcT78vRFWGONsNtENigwiMwfKw%2FzLElVdX2lcOw%3D%3D  
 <request body omitted>
[debug] [2019-10-07T13:07:04.532Z] <<< HTTP RESPONSE 200
[info] +  functions: functions folder uploaded successfully
[info] i  hosting[sp-finance]: beginning deploy...
[info] i  hosting[sp-finance]: found 64 files in dist/spa
[debug] [2019-10-07T13:07:04.561Z] [hosting] hash cache [ZGlzdFxzcGE] load error: lines is not defined
[debug] [2019-10-07T13:07:04.666Z] [hosting] hash cache [ZGlzdFxzcGE] stored for 64 files
[debug] [2019-10-07T13:07:04.666Z] [hosting][hash queue][FINAL]
[debug] [2019-10-07T13:07:04.666Z] >>> HTTP REQUEST POST https://firebasehosting.googleapis.com/v1beta1/sites/sp-finance/versions/b1491b3c867181cf:populateFiles  
 <request body omitted>
[debug] [2019-10-07T13:07:07.438Z] <<< HTTP RESPONSE 200
[debug] [2019-10-07T13:07:07.450Z] [hosting][populate queue][FINAL]
[debug] [2019-10-07T13:07:07.450Z] [hosting] uploads queued: 29
